<?xml version="1.0" encoding="UTF-8"?>
<testsuite xmlns:xsi="http://www.w3.org/2001/XMLSchema-instance" xsi:noNamespaceSchemaLocation="https://maven.apache.org/surefire/maven-surefire-plugin/xsd/surefire-test-report-3.0.xsd" version="3.0" name="com.taxi.notification.NotificationServiceApplicationTests" time="24.458" tests="6" errors="0" skipped="0" failures="0">
  <properties>
[...]
</properties>
  <testcase name="workerProcessesToSentTest" classname="com.taxi.notification.NotificationServiceApplicationTests" time="3.574">
    <system-out><![CDATA[01:51:59.353 [main] INFO org.springframework.test.context.support.AnnotationConfigContextLoaderUtils -- Could not detect default configuration classes for test class [com.taxi.notification.NotificationServiceApplicationTests]: NotificationServiceApplicationTests does not declare any static, non-private, non-final, nested classes annotated with @Configuration.
01:51:59.408 [main] INFO org.springframework.boot.test.context.SpringBootTestContextBootstrapper -- Found @SpringBootConfiguration com.taxi.notification.NotificationServiceApplication for test class com.taxi.notification.NotificationServiceApplicationTests

  .   ____          _            __ _ _
 /\\ / ___'_ __ _ _(_)_ __  __ _ \ \ \ \
( ( )\___ | '_ | '_| | '_ \/ _` | \ \ \ \
 \\/  ___)| |_)| | | | | || (_| |  ) ) ) )
  '  |____| .__|_| |_|_| |_\__, | / / / /
 =========|_|==============|___/=/_/_/_/
 :: Spring Boot ::                (v3.1.5)

2026-05-10T01:51:59.646+07:00  INFO 27844 --- [           main] .t.n.NotificationServiceApplicationTests : Starting NotificationServiceApplicationTests using Java 21.0.11 with PID 27844 (started by komal_tyt in D:\3semestr\RBAC\RBAC\taxi-microservices\notification-service)
2026-05-10T01:51:59.647+07:00 DEBUG 27844 --- [           main] .t.n.NotificationServiceApplicationTests : Running with Spring Boot v3.1.5, Spring v6.0.13
2026-05-10T01:51:59.647+07:00  INFO 27844 --- [           main] .t.n.NotificationServiceApplicationTests : The following 1 profile is active: "test"
2026-05-10T01:52:00.061+07:00  INFO 27844 --- [           main] .s.d.r.c.RepositoryConfigurationDelegate : Bootstrapping Spring Data JPA repositories in DEFAULT mode.
2026-05-10T01:52:00.094+07:00  INFO 27844 --- [           main] .s.d.r.c.RepositoryConfigurationDelegate : Finished Spring Data repository scanning in 28 ms. Found 1 JPA repository interfaces.
2026-05-10T01:52:00.514+07:00  INFO 27844 --- [           main] o.s.b.w.embedded.tomcat.TomcatWebServer  : Tomcat initialized with port(s): 0 (http)
2026-05-10T01:52:00.520+07:00  INFO 27844 --- [           main] o.apache.catalina.core.StandardService   : Starting service [Tomcat]
2026-05-10T01:52:00.520+07:00  INFO 27844 --- [           main] o.apache.catalina.core.StandardEngine    : Starting Servlet engine: [Apache Tomcat/10.1.15]
2026-05-10T01:52:00.583+07:00  INFO 27844 --- [           main] o.a.c.c.C.[Tomcat].[localhost].[/]       : Initializing Spring embedded WebApplicationContext
2026-05-10T01:52:00.584+07:00  INFO 27844 --- [           main] w.s.c.ServletWebServerApplicationContext : Root WebApplicationContext: initialization completed in 924 ms
2026-05-10T01:52:00.609+07:00  INFO 27844 --- [           main] com.zaxxer.hikari.HikariDataSource       : HikariPool-1 - Starting...
2026-05-10T01:52:00.762+07:00  INFO 27844 --- [           main] com.zaxxer.hikari.pool.HikariPool        : HikariPool-1 - Added connection conn0: url=jdbc:h2:mem:user_db user=SA
2026-05-10T01:52:00.764+07:00  INFO 27844 --- [           main] com.zaxxer.hikari.HikariDataSource       : HikariPool-1 - Start completed.
2026-05-10T01:52:00.771+07:00  INFO 27844 --- [           main] o.s.b.a.h2.H2ConsoleAutoConfiguration    : H2 console available at '/h2-console'. Database available at 'jdbc:h2:mem:user_db'
2026-05-10T01:52:00.828+07:00 DEBUG 27844 --- [           main] c.t.n.security.JwtAuthenticationFilter   : Filter 'jwtAuthenticationFilter' configured for use
2026-05-10T01:52:00.959+07:00  INFO 27844 --- [           main] o.hibernate.jpa.internal.util.LogHelper  : HHH000204: Processing PersistenceUnitInfo [name: default]
2026-05-10T01:52:01.027+07:00  INFO 27844 --- [           main] org.hibernate.Version                    : HHH000412: Hibernate ORM core version 6.2.13.Final
2026-05-10T01:52:01.029+07:00  INFO 27844 --- [           main] org.hibernate.cfg.Environment            : HHH000406: Using bytecode reflection optimizer
2026-05-10T01:52:01.194+07:00  INFO 27844 --- [           main] o.s.o.j.p.SpringPersistenceUnitInfo      : No LoadTimeWeaver setup: ignoring JPA class transformer
2026-05-10T01:52:01.230+07:00  WARN 27844 --- [           main] org.hibernate.orm.deprecation            : HHH90000025: H2Dialect does not need to be specified explicitly using 'hibernate.dialect' (remove the property setting and it will be selected by default)
2026-05-10T01:52:01.619+07:00  INFO 27844 --- [           main] o.h.e.t.j.p.i.JtaPlatformInitiator       : HHH000489: No JTA platform available (set 'hibernate.transaction.jta.platform' to enable JTA platform integration)
Hibernate: drop table if exists notification_tasks cascade 
Hibernate: create table notification_tasks (attempts integer, created_at timestamp(6), id bigint generated by default as identity, recipient_id bigint not null, trip_id bigint not null, updated_at timestamp(6), message varchar(1000) not null, error_message varchar(255), recipient_type varchar(255) not null, status varchar(255) not null check (status in ('PENDING','PROCESSING','SENT','FAILED')), primary key (id))
Hibernate: create index idx_status on notification_tasks (status)
Hibernate: create index idx_trip_id on notification_tasks (trip_id)
2026-05-10T01:52:01.648+07:00  INFO 27844 --- [           main] j.LocalContainerEntityManagerFactoryBean : Initialized JPA EntityManagerFactory for persistence unit 'default'
2026-05-10T01:52:01.851+07:00  INFO 27844 --- [           main] o.s.d.j.r.query.QueryEnhancerFactory     : Hibernate is in classpath; If applicable, HQL parser will be used.
2026-05-10T01:52:02.204+07:00  WARN 27844 --- [           main] JpaBaseConfiguration$JpaWebConfiguration : spring.jpa.open-in-view is enabled by default. Therefore, database queries may be performed during view rendering. Explicitly configure spring.jpa.open-in-view to disable this warning
2026-05-10T01:52:02.240+07:00  WARN 27844 --- [           main] .s.s.UserDetailsServiceAutoConfiguration : 

Using generated security password: 8767f8f5-cc5d-48cc-9a0c-95d298e13ec9

This generated password is for development use only. Your security configuration must be updated before running your application in production.

2026-05-10T01:52:02.401+07:00  INFO 27844 --- [           main] o.s.s.web.DefaultSecurityFilterChain     : Will secure any request with [org.springframework.security.web.session.DisableEncodeUrlFilter@5f65a6d7, org.springframework.security.web.context.request.async.WebAsyncManagerIntegrationFilter@67726dd1, org.springframework.security.web.context.SecurityContextHolderFilter@63ee2891, org.springframework.security.web.header.HeaderWriterFilter@5ce9c9e8, org.springframework.security.web.authentication.logout.LogoutFilter@5d87c8af, com.taxi.notification.security.JwtAuthenticationFilter@4466cf5d, org.springframework.security.web.savedrequest.RequestCacheAwareFilter@4ee41c66, org.springframework.security.web.servletapi.SecurityContextHolderAwareRequestFilter@783a35d8, org.springframework.security.web.authentication.AnonymousAuthenticationFilter@45c270f9, org.springframework.security.web.session.SessionManagementFilter@41dcfd0, org.springframework.security.web.access.ExceptionTranslationFilter@4f74edbf, org.springframework.security.web.access.intercept.AuthorizationFilter@2975715]
2026-05-10T01:52:02.867+07:00  INFO 27844 --- [           main] o.s.b.w.embedded.tomcat.TomcatWebServer  : Tomcat started on port(s): 53062 (http) with context path ''
2026-05-10T01:52:02.877+07:00  INFO 27844 --- [           main] .t.n.NotificationServiceApplicationTests : Started NotificationServiceApplicationTests in 3.404 seconds (process running for 3.925)
2026-05-10T01:52:02.880+07:00  INFO 27844 --- [           main] c.t.n.worker.NotificationWorker          : Starting Notification Worker pool with 4 threads
2026-05-10T01:52:02.883+07:00  INFO 27844 --- [pool-4-thread-1] c.t.n.worker.NotificationWorker          : Worker 0 started
2026-05-10T01:52:02.883+07:00  INFO 27844 --- [pool-4-thread-3] c.t.n.worker.NotificationWorker          : Worker 2 started
2026-05-10T01:52:02.883+07:00  INFO 27844 --- [pool-4-thread-2] c.t.n.worker.NotificationWorker          : Worker 1 started
2026-05-10T01:52:02.883+07:00  INFO 27844 --- [pool-4-thread-4] c.t.n.worker.NotificationWorker          : Worker 3 started
Hibernate: select n1_0.id,n1_0.attempts,n1_0.created_at,n1_0.error_message,n1_0.message,n1_0.recipient_id,n1_0.recipient_type,n1_0.status,n1_0.trip_id,n1_0.updated_at from notification_tasks n1_0 where n1_0.status=? and n1_0.attempts<? order by n1_0.created_at offset ? rows fetch first ? rows only for update
Hibernate: select n1_0.id,n1_0.attempts,n1_0.created_at,n1_0.error_message,n1_0.message,n1_0.recipient_id,n1_0.recipient_type,n1_0.status,n1_0.trip_id,n1_0.updated_at from notification_tasks n1_0 where n1_0.status=? and n1_0.attempts<? order by n1_0.created_at offset ? rows fetch first ? rows only for update
Hibernate: select n1_0.id,n1_0.attempts,n1_0.created_at,n1_0.error_message,n1_0.message,n1_0.recipient_id,n1_0.recipient_type,n1_0.status,n1_0.trip_id,n1_0.updated_at from notification_tasks n1_0 where n1_0.status=? and n1_0.attempts<? order by n1_0.created_at offset ? rows fetch first ? rows only for update
Hibernate: select n1_0.id,n1_0.attempts,n1_0.created_at,n1_0.error_message,n1_0.message,n1_0.recipient_id,n1_0.recipient_type,n1_0.status,n1_0.trip_id,n1_0.updated_at from notification_tasks n1_0 where n1_0.status=? and n1_0.attempts<? order by n1_0.created_at offset ? rows fetch first ? rows only for update
2026-05-10T01:52:03.311+07:00  INFO 27844 --- [o-auto-1-exec-1] o.a.c.c.C.[Tomcat].[localhost].[/]       : Initializing Spring DispatcherServlet 'dispatcherServlet'
2026-05-10T01:52:03.311+07:00  INFO 27844 --- [o-auto-1-exec-1] o.s.web.servlet.DispatcherServlet        : Initializing Servlet 'dispatcherServlet'
2026-05-10T01:52:03.312+07:00  INFO 27844 --- [o-auto-1-exec-1] o.s.web.servlet.DispatcherServlet        : Completed initialization in 1 ms
2026-05-10T01:52:03.368+07:00  INFO 27844 --- [o-auto-1-exec-1] c.t.n.controller.NotificationController  : POST /notifications - Creating notification for trip: 2
2026-05-10T01:52:03.368+07:00  INFO 27844 --- [o-auto-1-exec-1] c.t.n.service.NotificationService        : Creating notification task for trip 2 to DRIVER 2
Hibernate: insert into notification_tasks (attempts,created_at,error_message,message,recipient_id,recipient_type,status,trip_id,updated_at,id) values (?,?,?,?,?,?,?,?,?,default)
2026-05-10T01:52:03.385+07:00  INFO 27844 --- [o-auto-1-exec-1] c.t.n.service.NotificationService        : Notification task created with id: 1
2026-05-10T01:52:06.423+07:00  INFO 27844 --- [o-auto-1-exec-2] c.t.n.controller.NotificationController  : GET /notifications?trip_id=2 - Fetching notifications
2026-05-10T01:52:06.423+07:00 DEBUG 27844 --- [o-auto-1-exec-2] c.t.n.service.NotificationService        : Fetching notifications for trip: 2
Hibernate: select n1_0.id,n1_0.attempts,n1_0.created_at,n1_0.error_message,n1_0.message,n1_0.recipient_id,n1_0.recipient_type,n1_0.status,n1_0.trip_id,n1_0.updated_at from notification_tasks n1_0 where n1_0.trip_id=? order by n1_0.created_at desc
]]></system-out>
    <system-err><![CDATA[WARNING: A Java agent has been loaded dynamically (C:\Users\komal_tyt\.m2\repository\net\bytebuddy\byte-buddy-agent\1.14.9\byte-buddy-agent-1.14.9.jar)
WARNING: If a serviceability tool is in use, please run with -XX:+EnableDynamicAgentLoading to hide this warning
WARNING: If a serviceability tool is not in use, please run with -Djdk.instrument.traceUsage for more information
WARNING: Dynamic loading of agents will be disallowed by default in a future release
]]></system-err>
  </testcase>
  <testcase name="maxRetriesToFailedTest" classname="com.taxi.notification.NotificationServiceApplicationTests" time="15.035">
    <system-out><![CDATA[2026-05-10T01:52:06.476+07:00  INFO 27844 --- [o-auto-1-exec-3] c.t.n.controller.NotificationController  : POST /notifications - Creating notification for trip: 999
2026-05-10T01:52:06.476+07:00  INFO 27844 --- [o-auto-1-exec-3] c.t.n.service.NotificationService        : Creating notification task for trip 999 to PASSENGER 999
Hibernate: insert into notification_tasks (attempts,created_at,error_message,message,recipient_id,recipient_type,status,trip_id,updated_at,id) values (?,?,?,?,?,?,?,?,?,default)
2026-05-10T01:52:06.477+07:00  INFO 27844 --- [o-auto-1-exec-3] c.t.n.service.NotificationService        : Notification task created with id: 2
Hibernate: select n1_0.id,n1_0.attempts,n1_0.created_at,n1_0.error_message,n1_0.message,n1_0.recipient_id,n1_0.recipient_type,n1_0.status,n1_0.trip_id,n1_0.updated_at from notification_tasks n1_0 where n1_0.status=? and n1_0.attempts<? order by n1_0.created_at offset ? rows fetch first ? rows only for update
Hibernate: select n1_0.id,n1_0.attempts,n1_0.created_at,n1_0.error_message,n1_0.message,n1_0.recipient_id,n1_0.recipient_type,n1_0.status,n1_0.trip_id,n1_0.updated_at from notification_tasks n1_0 where n1_0.status=? and n1_0.attempts<? order by n1_0.created_at offset ? rows fetch first ? rows only for update
Hibernate: select n1_0.id,n1_0.attempts,n1_0.created_at,n1_0.error_message,n1_0.message,n1_0.recipient_id,n1_0.recipient_type,n1_0.status,n1_0.trip_id,n1_0.updated_at from notification_tasks n1_0 where n1_0.status=? and n1_0.attempts<? order by n1_0.created_at offset ? rows fetch first ? rows only for update
Hibernate: select n1_0.id,n1_0.attempts,n1_0.created_at,n1_0.error_message,n1_0.message,n1_0.recipient_id,n1_0.recipient_type,n1_0.status,n1_0.trip_id,n1_0.updated_at from notification_tasks n1_0 where n1_0.status=? and n1_0.attempts<? order by n1_0.created_at offset ? rows fetch first ? rows only for update
Hibernate: update notification_tasks set status='PROCESSING' where id=? and status='PENDING'
2026-05-10T01:52:08.080+07:00  INFO 27844 --- [pool-4-thread-4] c.t.n.worker.NotificationWorker          : Worker 3 picked up task 1
2026-05-10T01:52:08.081+07:00  INFO 27844 --- [pool-4-thread-4] c.t.n.service.NotificationService        : Sending notification to DRIVER 2: Worker test
Hibernate: update notification_tasks set status='PROCESSING' where id=? and status='PENDING'
2026-05-10T01:52:08.082+07:00  INFO 27844 --- [pool-4-thread-2] c.t.n.worker.NotificationWorker          : Worker 1 picked up task 2
2026-05-10T01:52:08.082+07:00  INFO 27844 --- [pool-4-thread-2] c.t.n.service.NotificationService        : Sending notification to PASSENGER 999: Will fail
2026-05-10T01:52:09.083+07:00  INFO 27844 --- [pool-4-thread-4] c.t.n.service.NotificationService        : Notification 1 sent successfully to DRIVER 2
Hibernate: update notification_tasks set status=?,error_message=? where id=?
2026-05-10T01:52:09.088+07:00 DEBUG 27844 --- [pool-4-thread-4] c.t.n.worker.NotificationWorker          : Worker 3 finished task 1
Hibernate: select n1_0.id,n1_0.attempts,n1_0.created_at,n1_0.error_message,n1_0.message,n1_0.recipient_id,n1_0.recipient_type,n1_0.status,n1_0.trip_id,n1_0.updated_at from notification_tasks n1_0 where n1_0.status=? and n1_0.attempts<? order by n1_0.created_at offset ? rows fetch first ? rows only for update
2026-05-10T01:52:09.097+07:00  INFO 27844 --- [pool-4-thread-2] c.t.n.service.NotificationService        : Notification 2 sent successfully to PASSENGER 999
Hibernate: update notification_tasks set status=?,error_message=? where id=?
2026-05-10T01:52:09.100+07:00 DEBUG 27844 --- [pool-4-thread-2] c.t.n.worker.NotificationWorker          : Worker 1 finished task 2
Hibernate: select n1_0.id,n1_0.attempts,n1_0.created_at,n1_0.error_message,n1_0.message,n1_0.recipient_id,n1_0.recipient_type,n1_0.status,n1_0.trip_id,n1_0.updated_at from notification_tasks n1_0 where n1_0.status=? and n1_0.attempts<? order by n1_0.created_at offset ? rows fetch first ? rows only for update
Hibernate: select n1_0.id,n1_0.attempts,n1_0.created_at,n1_0.error_message,n1_0.message,n1_0.recipient_id,n1_0.recipient_type,n1_0.status,n1_0.trip_id,n1_0.updated_at from notification_tasks n1_0 where n1_0.status=? and n1_0.attempts<? order by n1_0.created_at offset ? rows fetch first ? rows only for update
Hibernate: select n1_0.id,n1_0.attempts,n1_0.created_at,n1_0.error_message,n1_0.message,n1_0.recipient_id,n1_0.recipient_type,n1_0.status,n1_0.trip_id,n1_0.updated_at from notification_tasks n1_0 where n1_0.status=? and n1_0.attempts<? order by n1_0.created_at offset ? rows fetch first ? rows only for update
Hibernate: select n1_0.id,n1_0.attempts,n1_0.created_at,n1_0.error_message,n1_0.message,n1_0.recipient_id,n1_0.recipient_type,n1_0.status,n1_0.trip_id,n1_0.updated_at from notification_tasks n1_0 where n1_0.status=? and n1_0.attempts<? order by n1_0.created_at offset ? rows fetch first ? rows only for update
Hibernate: select n1_0.id,n1_0.attempts,n1_0.created_at,n1_0.error_message,n1_0.message,n1_0.recipient_id,n1_0.recipient_type,n1_0.status,n1_0.trip_id,n1_0.updated_at from notification_tasks n1_0 where n1_0.status=? and n1_0.attempts<? order by n1_0.created_at offset ? rows fetch first ? rows only for update
Hibernate: select n1_0.id,n1_0.attempts,n1_0.created_at,n1_0.error_message,n1_0.message,n1_0.recipient_id,n1_0.recipient_type,n1_0.status,n1_0.trip_id,n1_0.updated_at from notification_tasks n1_0 where n1_0.status=? and n1_0.attempts<? order by n1_0.created_at offset ? rows fetch first ? rows only for update
Hibernate: select n1_0.id,n1_0.attempts,n1_0.created_at,n1_0.error_message,n1_0.message,n1_0.recipient_id,n1_0.recipient_type,n1_0.status,n1_0.trip_id,n1_0.updated_at from notification_tasks n1_0 where n1_0.status=? and n1_0.attempts<? order by n1_0.created_at offset ? rows fetch first ? rows only for update
Hibernate: select n1_0.id,n1_0.attempts,n1_0.created_at,n1_0.error_message,n1_0.message,n1_0.recipient_id,n1_0.recipient_type,n1_0.status,n1_0.trip_id,n1_0.updated_at from notification_tasks n1_0 where n1_0.status=? and n1_0.attempts<? order by n1_0.created_at offset ? rows fetch first ? rows only for update
Hibernate: select n1_0.id,n1_0.attempts,n1_0.created_at,n1_0.error_message,n1_0.message,n1_0.recipient_id,n1_0.recipient_type,n1_0.status,n1_0.trip_id,n1_0.updated_at from notification_tasks n1_0 where n1_0.status=? and n1_0.attempts<? order by n1_0.created_at offset ? rows fetch first ? rows only for update
2026-05-10T01:52:21.491+07:00 DEBUG 27844 --- [o-auto-1-exec-4] c.t.n.controller.NotificationController  : GET /notifications/stats - Fetching queue statistics
Hibernate: select count(n1_0.id) from notification_tasks n1_0 where n1_0.status=?
Hibernate: select count(n1_0.id) from notification_tasks n1_0 where n1_0.status=?
Hibernate: select count(n1_0.id) from notification_tasks n1_0 where n1_0.status=?
Hibernate: select count(n1_0.id) from notification_tasks n1_0 where n1_0.status=?
]]></system-out>
  </testcase>
  <testcase name="getQueueStatsTest" classname="com.taxi.notification.NotificationServiceApplicationTests" time="0.011">
    <system-out><![CDATA[2026-05-10T01:52:21.506+07:00 DEBUG 27844 --- [o-auto-1-exec-5] c.t.n.controller.NotificationController  : GET /notifications/stats - Fetching queue statistics
Hibernate: select count(n1_0.id) from notification_tasks n1_0 where n1_0.status=?
Hibernate: select count(n1_0.id) from notification_tasks n1_0 where n1_0.status=?
Hibernate: select count(n1_0.id) from notification_tasks n1_0 where n1_0.status=?
Hibernate: select count(n1_0.id) from notification_tasks n1_0 where n1_0.status=?
]]></system-out>
  </testcase>
  <testcase name="inProgressStatusTest" classname="com.taxi.notification.NotificationServiceApplicationTests" time="0.119">
    <system-out><![CDATA[2026-05-10T01:52:21.520+07:00  INFO 27844 --- [o-auto-1-exec-6] c.t.n.controller.NotificationController  : POST /notifications - Creating notification for trip: 101
2026-05-10T01:52:21.520+07:00  INFO 27844 --- [o-auto-1-exec-6] c.t.n.service.NotificationService        : Creating notification task for trip 101 to DRIVER 101
Hibernate: insert into notification_tasks (attempts,created_at,error_message,message,recipient_id,recipient_type,status,trip_id,updated_at,id) values (?,?,?,?,?,?,?,?,?,default)
2026-05-10T01:52:21.521+07:00  INFO 27844 --- [o-auto-1-exec-6] c.t.n.service.NotificationService        : Notification task created with id: 3
2026-05-10T01:52:21.629+07:00  INFO 27844 --- [o-auto-1-exec-7] c.t.n.controller.NotificationController  : GET /notifications?trip_id=101 - Fetching notifications
2026-05-10T01:52:21.629+07:00 DEBUG 27844 --- [o-auto-1-exec-7] c.t.n.service.NotificationService        : Fetching notifications for trip: 101
Hibernate: select n1_0.id,n1_0.attempts,n1_0.created_at,n1_0.error_message,n1_0.message,n1_0.recipient_id,n1_0.recipient_type,n1_0.status,n1_0.trip_id,n1_0.updated_at from notification_tasks n1_0 where n1_0.trip_id=? order by n1_0.created_at desc
]]></system-out>
  </testcase>
  <testcase name="createAndGetNotificationTest" classname="com.taxi.notification.NotificationServiceApplicationTests" time="0.02">
    <system-out><![CDATA[2026-05-10T01:52:21.644+07:00  INFO 27844 --- [o-auto-1-exec-8] c.t.n.controller.NotificationController  : POST /notifications - Creating notification for trip: 1
2026-05-10T01:52:21.644+07:00  INFO 27844 --- [o-auto-1-exec-8] c.t.n.service.NotificationService        : Creating notification task for trip 1 to PASSENGER 1
Hibernate: insert into notification_tasks (attempts,created_at,error_message,message,recipient_id,recipient_type,status,trip_id,updated_at,id) values (?,?,?,?,?,?,?,?,?,default)
2026-05-10T01:52:21.645+07:00  INFO 27844 --- [o-auto-1-exec-8] c.t.n.service.NotificationService        : Notification task created with id: 4
2026-05-10T01:52:21.651+07:00  INFO 27844 --- [o-auto-1-exec-9] c.t.n.controller.NotificationController  : GET /notifications?trip_id=1 - Fetching notifications
2026-05-10T01:52:21.651+07:00 DEBUG 27844 --- [o-auto-1-exec-9] c.t.n.service.NotificationService        : Fetching notifications for trip: 1
Hibernate: select n1_0.id,n1_0.attempts,n1_0.created_at,n1_0.error_message,n1_0.message,n1_0.recipient_id,n1_0.recipient_type,n1_0.status,n1_0.trip_id,n1_0.updated_at from notification_tasks n1_0 where n1_0.trip_id=? order by n1_0.created_at desc
]]></system-out>
  </testcase>
  <testcase name="concurrentLockingTest" classname="com.taxi.notification.NotificationServiceApplicationTests" time="2.056">
    <system-out><![CDATA[2026-05-10T01:52:21.674+07:00  INFO 27844 --- [-auto-1-exec-10] c.t.n.controller.NotificationController  : POST /notifications - Creating notification for trip: 100
2026-05-10T01:52:21.675+07:00  INFO 27844 --- [-auto-1-exec-10] c.t.n.service.NotificationService        : Creating notification task for trip 100 to PASSENGER 100
Hibernate: insert into notification_tasks (attempts,created_at,error_message,message,recipient_id,recipient_type,status,trip_id,updated_at,id) values (?,?,?,?,?,?,?,?,?,default)
2026-05-10T01:52:21.675+07:00  INFO 27844 --- [-auto-1-exec-10] c.t.n.service.NotificationService        : Notification task created with id: 5
Hibernate: select n1_0.id,n1_0.attempts,n1_0.created_at,n1_0.error_message,n1_0.message,n1_0.recipient_id,n1_0.recipient_type,n1_0.status,n1_0.trip_id,n1_0.updated_at from notification_tasks n1_0 where n1_0.status=? and n1_0.attempts<? order by n1_0.created_at offset ? rows fetch first ? rows only for update
Hibernate: select n1_0.id,n1_0.attempts,n1_0.created_at,n1_0.error_message,n1_0.message,n1_0.recipient_id,n1_0.recipient_type,n1_0.status,n1_0.trip_id,n1_0.updated_at from notification_tasks n1_0 where n1_0.status=? and n1_0.attempts<? order by n1_0.created_at offset ? rows fetch first ? rows only for update
Hibernate: update notification_tasks set status='PROCESSING' where id=? and status='PENDING'
2026-05-10T01:52:23.125+07:00  INFO 27844 --- [pool-4-thread-3] c.t.n.worker.NotificationWorker          : Worker 2 picked up task 3
2026-05-10T01:52:23.125+07:00  INFO 27844 --- [pool-4-thread-3] c.t.n.service.NotificationService        : Sending notification to DRIVER 101: In progress test
Hibernate: update notification_tasks set status='PROCESSING' where id=? and status='PENDING'
2026-05-10T01:52:23.127+07:00  INFO 27844 --- [pool-4-thread-1] c.t.n.worker.NotificationWorker          : Worker 0 picked up task 4
2026-05-10T01:52:23.127+07:00  INFO 27844 --- [pool-4-thread-1] c.t.n.service.NotificationService        : Sending notification to PASSENGER 1: Test message
Hibernate: select n1_0.id,n1_0.attempts,n1_0.created_at,n1_0.error_message,n1_0.message,n1_0.recipient_id,n1_0.recipient_type,n1_0.status,n1_0.trip_id,n1_0.updated_at from notification_tasks n1_0 where n1_0.trip_id=? order by n1_0.created_at desc
]]></system-out>
  </testcase>
</testsuite>