<?xml version="1.0" encoding="UTF-8"?>
<testsuite xmlns:xsi="http://www.w3.org/2001/XMLSchema-instance" xsi:noNamespaceSchemaLocation="https://maven.apache.org/surefire/maven-surefire-plugin/xsd/surefire-test-report-3.0.xsd" version="3.0" name="com.taxi.trip.TripExtrasWebTest" time="5.018" tests="3" errors="0" skipped="0" failures="0">
  <properties>
[...]
</properties>
  <testcase name="statisticsWithServiceJwtReturnsOkAndAggregates" classname="com.taxi.trip.TripExtrasWebTest" time="0.355">
    <system-out><![CDATA[01:55:15.195 [main] INFO org.springframework.test.context.support.AnnotationConfigContextLoaderUtils -- Could not detect default configuration classes for test class [com.taxi.trip.TripExtrasWebTest]: TripExtrasWebTest does not declare any static, non-private, non-final, nested classes annotated with @Configuration.
01:55:15.249 [main] INFO org.springframework.boot.test.context.SpringBootTestContextBootstrapper -- Found @SpringBootConfiguration com.taxi.trip.TripServiceApplication for test class com.taxi.trip.TripExtrasWebTest

  .   ____          _            __ _ _
 /\\ / ___'_ __ _ _(_)_ __  __ _ \ \ \ \
( ( )\___ | '_ | '_| | '_ \/ _` | \ \ \ \
 \\/  ___)| |_)| | | | | || (_| |  ) ) ) )
  '  |____| .__|_| |_|_| |_\__, | / / / /
 =========|_|==============|___/=/_/_/_/
 :: Spring Boot ::                (v3.1.5)

2026-05-10T01:55:15.482+07:00  INFO 22240 --- [           main] com.taxi.trip.TripExtrasWebTest          : Starting TripExtrasWebTest using Java 21.0.11 with PID 22240 (started by komal_tyt in D:\3semestr\RBAC\RBAC\taxi-microservices\trip-service)
2026-05-10T01:55:15.482+07:00 DEBUG 22240 --- [           main] com.taxi.trip.TripExtrasWebTest          : Running with Spring Boot v3.1.5, Spring v6.0.13
2026-05-10T01:55:15.483+07:00  INFO 22240 --- [           main] com.taxi.trip.TripExtrasWebTest          : The following 1 profile is active: "test"
2026-05-10T01:55:15.877+07:00  INFO 22240 --- [           main] .s.d.r.c.RepositoryConfigurationDelegate : Bootstrapping Spring Data JPA repositories in DEFAULT mode.
2026-05-10T01:55:15.947+07:00  INFO 22240 --- [           main] .s.d.r.c.RepositoryConfigurationDelegate : Finished Spring Data repository scanning in 65 ms. Found 1 JPA repository interfaces.
2026-05-10T01:55:17.215+07:00  INFO 22240 --- [           main] o.s.b.w.embedded.tomcat.TomcatWebServer  : Tomcat initialized with port(s): 0 (http)
2026-05-10T01:55:17.223+07:00  INFO 22240 --- [           main] o.apache.catalina.core.StandardService   : Starting service [Tomcat]
2026-05-10T01:55:17.224+07:00  INFO 22240 --- [           main] o.apache.catalina.core.StandardEngine    : Starting Servlet engine: [Apache Tomcat/10.1.15]
2026-05-10T01:55:17.310+07:00  INFO 22240 --- [           main] o.a.c.c.C.[Tomcat].[localhost].[/]       : Initializing Spring embedded WebApplicationContext
2026-05-10T01:55:17.312+07:00  INFO 22240 --- [           main] w.s.c.ServletWebServerApplicationContext : Root WebApplicationContext: initialization completed in 1818 ms
2026-05-10T01:55:17.352+07:00  INFO 22240 --- [           main] com.zaxxer.hikari.HikariDataSource       : HikariPool-1 - Starting...
2026-05-10T01:55:17.525+07:00  INFO 22240 --- [           main] com.zaxxer.hikari.pool.HikariPool        : HikariPool-1 - Added connection conn0: url=jdbc:h2:mem:trip_db user=SA
2026-05-10T01:55:17.526+07:00  INFO 22240 --- [           main] com.zaxxer.hikari.HikariDataSource       : HikariPool-1 - Start completed.
2026-05-10T01:55:17.535+07:00  INFO 22240 --- [           main] o.s.b.a.h2.H2ConsoleAutoConfiguration    : H2 console available at '/h2-console'. Database available at 'jdbc:h2:mem:trip_db'
2026-05-10T01:55:17.603+07:00 DEBUG 22240 --- [           main] c.t.t.security.JwtAuthenticationFilter   : Filter 'jwtAuthenticationFilter' configured for use
2026-05-10T01:55:17.728+07:00  INFO 22240 --- [           main] o.hibernate.jpa.internal.util.LogHelper  : HHH000204: Processing PersistenceUnitInfo [name: default]
2026-05-10T01:55:17.804+07:00  INFO 22240 --- [           main] org.hibernate.Version                    : HHH000412: Hibernate ORM core version 6.2.13.Final
2026-05-10T01:55:17.806+07:00  INFO 22240 --- [           main] org.hibernate.cfg.Environment            : HHH000406: Using bytecode reflection optimizer
2026-05-10T01:55:18.060+07:00  INFO 22240 --- [           main] o.s.o.j.p.SpringPersistenceUnitInfo      : No LoadTimeWeaver setup: ignoring JPA class transformer
2026-05-10T01:55:18.108+07:00  WARN 22240 --- [           main] org.hibernate.orm.deprecation            : HHH90000025: H2Dialect does not need to be specified explicitly using 'hibernate.dialect' (remove the property setting and it will be selected by default)
2026-05-10T01:55:18.514+07:00  INFO 22240 --- [           main] o.h.e.t.j.p.i.JtaPlatformInitiator       : HHH000489: No JTA platform available (set 'hibernate.transaction.jta.platform' to enable JTA platform integration)
Hibernate: drop table if exists trips cascade 
Hibernate: create table trips (price float(53), rating integer, created_at timestamp(6), driver_id bigint, id bigint generated by default as identity, passenger_id bigint not null, updated_at timestamp(6), destination varchar(255) not null, origin varchar(255) not null, status varchar(255) not null check (status in ('PENDING','ACCEPTED','IN_PROGRESS','COMPLETED','CANCELLED')), primary key (id))
Hibernate: create index idx_trips_status on trips (status)
2026-05-10T01:55:18.535+07:00  INFO 22240 --- [           main] j.LocalContainerEntityManagerFactoryBean : Initialized JPA EntityManagerFactory for persistence unit 'default'
2026-05-10T01:55:18.796+07:00  INFO 22240 --- [           main] o.s.d.j.r.query.QueryEnhancerFactory     : Hibernate is in classpath; If applicable, HQL parser will be used.
2026-05-10T01:55:19.147+07:00  WARN 22240 --- [           main] JpaBaseConfiguration$JpaWebConfiguration : spring.jpa.open-in-view is enabled by default. Therefore, database queries may be performed during view rendering. Explicitly configure spring.jpa.open-in-view to disable this warning
2026-05-10T01:55:19.170+07:00  WARN 22240 --- [           main] .s.s.UserDetailsServiceAutoConfiguration : 

Using generated security password: 69c634e1-178e-4c9c-9b1c-f57bb46ebb21

This generated password is for development use only. Your security configuration must be updated before running your application in production.

2026-05-10T01:55:19.251+07:00  INFO 22240 --- [           main] o.s.s.web.DefaultSecurityFilterChain     : Will secure any request with [org.springframework.security.web.session.DisableEncodeUrlFilter@4ef12d7e, org.springframework.security.web.context.request.async.WebAsyncManagerIntegrationFilter@375376d5, org.springframework.security.web.context.SecurityContextHolderFilter@5327c503, org.springframework.security.web.header.HeaderWriterFilter@5769679b, org.springframework.security.web.authentication.logout.LogoutFilter@738a977d, com.taxi.trip.security.JwtAuthenticationFilter@2cff03cf, org.springframework.security.web.savedrequest.RequestCacheAwareFilter@4ee8ea84, org.springframework.security.web.servletapi.SecurityContextHolderAwareRequestFilter@1703e50d, org.springframework.security.web.authentication.AnonymousAuthenticationFilter@7dd3f20e, org.springframework.security.web.session.SessionManagementFilter@74c58f64, org.springframework.security.web.access.ExceptionTranslationFilter@3aede2ff, org.springframework.security.web.access.intercept.AuthorizationFilter@6c98079]
2026-05-10T01:55:19.653+07:00  INFO 22240 --- [           main] o.s.b.w.embedded.tomcat.TomcatWebServer  : Tomcat started on port(s): 52096 (http) with context path ''
2026-05-10T01:55:19.657+07:00  INFO 22240 --- [           main] com.taxi.trip.TripExtrasWebTest          : Started TripExtrasWebTest in 4.341 seconds (process running for 4.865)
Hibernate: select t1_0.id,t1_0.created_at,t1_0.destination,t1_0.driver_id,t1_0.origin,t1_0.passenger_id,t1_0.price,t1_0.rating,t1_0.status,t1_0.updated_at from trips t1_0
Hibernate: insert into trips (created_at,destination,driver_id,origin,passenger_id,price,rating,status,updated_at,id) values (?,?,?,?,?,?,?,?,?,default)
Hibernate: insert into trips (created_at,destination,driver_id,origin,passenger_id,price,rating,status,updated_at,id) values (?,?,?,?,?,?,?,?,?,default)
2026-05-10T01:55:19.920+07:00  INFO 22240 --- [o-auto-1-exec-1] o.a.c.c.C.[Tomcat].[localhost].[/]       : Initializing Spring DispatcherServlet 'dispatcherServlet'
2026-05-10T01:55:19.921+07:00  INFO 22240 --- [o-auto-1-exec-1] o.s.web.servlet.DispatcherServlet        : Initializing Servlet 'dispatcherServlet'
2026-05-10T01:55:19.921+07:00  INFO 22240 --- [o-auto-1-exec-1] o.s.web.servlet.DispatcherServlet        : Completed initialization in 0 ms
2026-05-10T01:55:19.959+07:00  INFO 22240 --- [o-auto-1-exec-1] c.taxi.trip.controller.TripController    : GET /trips/statistics/daily date=null
Hibernate: select t1_0.id,t1_0.created_at,t1_0.destination,t1_0.driver_id,t1_0.origin,t1_0.passenger_id,t1_0.price,t1_0.rating,t1_0.status,t1_0.updated_at from trips t1_0 where t1_0.created_at>=? and t1_0.created_at<?
]]></system-out>
    <system-err><![CDATA[WARNING: A Java agent has been loaded dynamically (C:\Users\komal_tyt\.m2\repository\net\bytebuddy\byte-buddy-agent\1.14.9\byte-buddy-agent-1.14.9.jar)
WARNING: If a serviceability tool is in use, please run with -XX:+EnableDynamicAgentLoading to hide this warning
WARNING: If a serviceability tool is not in use, please run with -Djdk.instrument.traceUsage for more information
WARNING: Dynamic loading of agents will be disallowed by default in a future release
]]></system-err>
  </testcase>
  <testcase name="completedTripCanBeRatedViaApiWithJwt" classname="com.taxi.trip.TripExtrasWebTest" time="0.078">
    <system-out><![CDATA[Hibernate: select t1_0.id,t1_0.created_at,t1_0.destination,t1_0.driver_id,t1_0.origin,t1_0.passenger_id,t1_0.price,t1_0.rating,t1_0.status,t1_0.updated_at from trips t1_0
Hibernate: delete from trips where id=?
Hibernate: delete from trips where id=?
Hibernate: insert into trips (created_at,destination,driver_id,origin,passenger_id,price,rating,status,updated_at,id) values (?,?,?,?,?,?,?,?,?,default)
2026-05-10T01:55:20.085+07:00  INFO 22240 --- [o-auto-1-exec-2] c.taxi.trip.controller.TripController    : POST /trips/3/rate rating=4
2026-05-10T01:55:20.086+07:00  INFO 22240 --- [o-auto-1-exec-2] com.taxi.trip.service.TripService        : Rating trip 3 with 4 stars
Hibernate: select t1_0.id,t1_0.created_at,t1_0.destination,t1_0.driver_id,t1_0.origin,t1_0.passenger_id,t1_0.price,t1_0.rating,t1_0.status,t1_0.updated_at from trips t1_0 where t1_0.id=?
2026-05-10T01:55:20.091+07:00  INFO 22240 --- [o-auto-1-exec-2] com.taxi.trip.service.TripService        : Trip 3 rated successfully
Hibernate: update trips set destination=?,driver_id=?,origin=?,passenger_id=?,price=?,rating=?,status=?,updated_at=? where id=?
]]></system-out>
  </testcase>
  <testcase name="statisticsWithoutBearerTokenReturnsClientError" classname="com.taxi.trip.TripExtrasWebTest" time="0.011">
    <system-out><![CDATA[Hibernate: select t1_0.id,t1_0.created_at,t1_0.destination,t1_0.driver_id,t1_0.origin,t1_0.passenger_id,t1_0.price,t1_0.rating,t1_0.status,t1_0.updated_at from trips t1_0
Hibernate: delete from trips where id=?
]]></system-out>
  </testcase>
</testsuite>