<?xml version="1.0" encoding="UTF-8"?>
<testsuite xmlns:xsi="http://www.w3.org/2001/XMLSchema-instance" xsi:noNamespaceSchemaLocation="https://maven.apache.org/surefire/maven-surefire-plugin/xsd/surefire-test-report-3.0.xsd" version="3.0" name="com.taxi.trip.TripStatisticsTests" time="0.286" tests="2" errors="0" skipped="0" failures="0">
  <properties>
[...]
</properties>
  <testcase name="statisticsDailyAggregatesCountAndAveragePrice" classname="com.taxi.trip.TripStatisticsTests" time="0.032">
    <system-out><![CDATA[2026-05-10T01:55:20.527+07:00  INFO 22240 --- [           main] t.c.s.AnnotationConfigContextLoaderUtils : Could not detect default configuration classes for test class [com.taxi.trip.TripStatisticsTests]: TripStatisticsTests does not declare any static, non-private, non-final, nested classes annotated with @Configuration.
2026-05-10T01:55:20.529+07:00  INFO 22240 --- [           main] .b.t.c.SpringBootTestContextBootstrapper : Found @SpringBootConfiguration com.taxi.trip.TripServiceApplication for test class com.taxi.trip.TripStatisticsTests

  .   ____          _            __ _ _
 /\\ / ___'_ __ _ _(_)_ __  __ _ \ \ \ \
( ( )\___ | '_ | '_| | '_ \/ _` | \ \ \ \
 \\/  ___)| |_)| | | | | || (_| |  ) ) ) )
  '  |____| .__|_| |_|_| |_\__, | / / / /
 =========|_|==============|___/=/_/_/_/
 :: Spring Boot ::                (v3.1.5)

2026-05-10T01:55:20.545+07:00  INFO 22240 --- [           main] com.taxi.trip.TripStatisticsTests        : Starting TripStatisticsTests using Java 21.0.11 with PID 22240 (started by komal_tyt in D:\3semestr\RBAC\RBAC\taxi-microservices\trip-service)
2026-05-10T01:55:20.545+07:00 DEBUG 22240 --- [           main] com.taxi.trip.TripStatisticsTests        : Running with Spring Boot v3.1.5, Spring v6.0.13
2026-05-10T01:55:20.545+07:00  INFO 22240 --- [           main] com.taxi.trip.TripStatisticsTests        : The following 1 profile is active: "test"
2026-05-10T01:55:20.618+07:00  INFO 22240 --- [           main] .s.d.r.c.RepositoryConfigurationDelegate : Bootstrapping Spring Data JPA repositories in DEFAULT mode.
2026-05-10T01:55:20.623+07:00  INFO 22240 --- [           main] .s.d.r.c.RepositoryConfigurationDelegate : Finished Spring Data repository scanning in 5 ms. Found 1 JPA repository interfaces.
2026-05-10T01:55:20.656+07:00  INFO 22240 --- [           main] o.hibernate.jpa.internal.util.LogHelper  : HHH000204: Processing PersistenceUnitInfo [name: default]
2026-05-10T01:55:20.658+07:00  INFO 22240 --- [           main] o.s.o.j.p.SpringPersistenceUnitInfo      : No LoadTimeWeaver setup: ignoring JPA class transformer
2026-05-10T01:55:20.659+07:00  INFO 22240 --- [           main] com.zaxxer.hikari.HikariDataSource       : HikariPool-3 - Starting...
2026-05-10T01:55:20.659+07:00  INFO 22240 --- [           main] com.zaxxer.hikari.pool.HikariPool        : HikariPool-3 - Added connection conn20: url=jdbc:h2:mem:trip_db user=SA
2026-05-10T01:55:20.659+07:00  INFO 22240 --- [           main] com.zaxxer.hikari.HikariDataSource       : HikariPool-3 - Start completed.
2026-05-10T01:55:20.660+07:00  WARN 22240 --- [           main] org.hibernate.orm.deprecation            : HHH90000025: H2Dialect does not need to be specified explicitly using 'hibernate.dialect' (remove the property setting and it will be selected by default)
2026-05-10T01:55:20.683+07:00  INFO 22240 --- [           main] o.h.e.t.j.p.i.JtaPlatformInitiator       : HHH000489: No JTA platform available (set 'hibernate.transaction.jta.platform' to enable JTA platform integration)
Hibernate: drop table if exists trips cascade 
Hibernate: create table trips (price float(53), rating integer, created_at timestamp(6), driver_id bigint, id bigint generated by default as identity, passenger_id bigint not null, updated_at timestamp(6), destination varchar(255) not null, origin varchar(255) not null, status varchar(255) not null check (status in ('PENDING','ACCEPTED','IN_PROGRESS','COMPLETED','CANCELLED')), primary key (id))
Hibernate: create index idx_trips_status on trips (status)
2026-05-10T01:55:20.686+07:00  INFO 22240 --- [           main] j.LocalContainerEntityManagerFactoryBean : Initialized JPA EntityManagerFactory for persistence unit 'default'
2026-05-10T01:55:20.718+07:00  WARN 22240 --- [           main] JpaBaseConfiguration$JpaWebConfiguration : spring.jpa.open-in-view is enabled by default. Therefore, database queries may be performed during view rendering. Explicitly configure spring.jpa.open-in-view to disable this warning
2026-05-10T01:55:20.722+07:00  WARN 22240 --- [           main] .s.s.UserDetailsServiceAutoConfiguration : 

Using generated security password: 3242f76b-1a19-4b26-b308-7a58bd658319

This generated password is for development use only. Your security configuration must be updated before running your application in production.

2026-05-10T01:55:20.725+07:00  INFO 22240 --- [           main] o.s.s.web.DefaultSecurityFilterChain     : Will secure any request with [org.springframework.security.web.session.DisableEncodeUrlFilter@29ac632a, org.springframework.security.web.context.request.async.WebAsyncManagerIntegrationFilter@3e45ca81, org.springframework.security.web.context.SecurityContextHolderFilter@37de86e1, org.springframework.security.web.header.HeaderWriterFilter@487e4b06, org.springframework.security.web.authentication.logout.LogoutFilter@766c225c, com.taxi.trip.security.JwtAuthenticationFilter@22d178d3, org.springframework.security.web.savedrequest.RequestCacheAwareFilter@32e58546, org.springframework.security.web.servletapi.SecurityContextHolderAwareRequestFilter@879ce67, org.springframework.security.web.authentication.AnonymousAuthenticationFilter@3cc9957d, org.springframework.security.web.session.SessionManagementFilter@3631667d, org.springframework.security.web.access.ExceptionTranslationFilter@9a183e7, org.springframework.security.web.access.intercept.AuthorizationFilter@2ef1b7f4]
2026-05-10T01:55:20.765+07:00  INFO 22240 --- [           main] o.s.b.a.h2.H2ConsoleAutoConfiguration    : H2 console available at '/h2-console'. Database available at 'jdbc:h2:mem:trip_db'
2026-05-10T01:55:20.772+07:00  INFO 22240 --- [           main] com.taxi.trip.TripStatisticsTests        : Started TripStatisticsTests in 0.242 seconds (process running for 5.98)
Hibernate: select t1_0.id,t1_0.created_at,t1_0.destination,t1_0.driver_id,t1_0.origin,t1_0.passenger_id,t1_0.price,t1_0.rating,t1_0.status,t1_0.updated_at from trips t1_0
Hibernate: insert into trips (created_at,destination,driver_id,origin,passenger_id,price,rating,status,updated_at,id) values (?,?,?,?,?,?,?,?,?,default)
Hibernate: insert into trips (created_at,destination,driver_id,origin,passenger_id,price,rating,status,updated_at,id) values (?,?,?,?,?,?,?,?,?,default)
Hibernate: select t1_0.id,t1_0.created_at,t1_0.destination,t1_0.driver_id,t1_0.origin,t1_0.passenger_id,t1_0.price,t1_0.rating,t1_0.status,t1_0.updated_at from trips t1_0 where t1_0.created_at>=? and t1_0.created_at<?
]]></system-out>
  </testcase>
  <testcase name="statisticsReturnsZeroTripsWhenEmpty" classname="com.taxi.trip.TripStatisticsTests" time="0.006">
    <system-out><![CDATA[Hibernate: select t1_0.id,t1_0.created_at,t1_0.destination,t1_0.driver_id,t1_0.origin,t1_0.passenger_id,t1_0.price,t1_0.rating,t1_0.status,t1_0.updated_at from trips t1_0
Hibernate: delete from trips where id=?
Hibernate: delete from trips where id=?
Hibernate: select t1_0.id,t1_0.created_at,t1_0.destination,t1_0.driver_id,t1_0.origin,t1_0.passenger_id,t1_0.price,t1_0.rating,t1_0.status,t1_0.updated_at from trips t1_0 where t1_0.created_at>=? and t1_0.created_at<?
]]></system-out>
  </testcase>
</testsuite>